<?xml version="1.0" encoding="UTF-8"?>
<!-- Generated by org.testng.reporters.JUnitReportReporter -->
<testsuite hostname="kash-Insyde" name="edu.learn.collection.dup.DeDupTest" tests="5" failures="0" timestamp="21 Jun 2016 00:54:24 GMT" time="0.027" errors="0">
  <testcase name="testEmpty" time="0.000" classname="edu.learn.collection.dup.DeDupTest"/>
  <testcase name="testDuplicate" time="0.007" classname="edu.learn.collection.dup.DeDupTest"/>
  <testcase name="testnull" time="0.001" classname="edu.learn.collection.dup.DeDupTest"/>
  <testcase name="testBasic" time="0.012" classname="edu.learn.collection.dup.DeDupTest"/>
  <testcase name="testDuplicate_negative" time="0.007" classname="edu.learn.collection.dup.DeDupTest"/>
</testsuite> <!-- edu.learn.collection.dup.DeDupTest -->
