<?xml version="1.0" encoding="UTF-8"?>
<!-- Generated by org.testng.reporters.JUnitReportReporter -->
<testsuite hostname="kash-Insyde" name="edu.learn.collection.dup.DeDupPerfTest" tests="3" failures="0" timestamp="21 Jun 2016 00:54:24 GMT" time="0.129" errors="0">
  <testcase name="testPerf1" time="0.125" classname="edu.learn.collection.dup.DeDupPerfTest"/>
  <testcase name="testPerf2" time="0.002" classname="edu.learn.collection.dup.DeDupPerfTest"/>
  <testcase name="testPerf3" time="0.002" classname="edu.learn.collection.dup.DeDupPerfTest"/>
</testsuite> <!-- edu.learn.collection.dup.DeDupPerfTest -->
